<?xml version="1.0" encoding="UTF-8"?>
<!-- Generated by org.testng.reporters.JUnitXMLReporter -->
<testsuite ignored="1" hostname="DESKTOP-V7R4QNT" failures="3" tests="6" name="Test" time="106.022" errors="0" timestamp="2024-02-19T12:59:58 IST">
  <testcase classname="banjara1.Simple$simple" name="@AfterTest last" time="0.0">
    <failure type="java.lang.NullPointerException" message="Cannot invoke &amp;quot;io.appium.java_client.service.local.AppiumDriverLocalService.stop()&amp;quot; because &amp;quot;this.service&amp;quot; is null">
      <![CDATA[java.lang.NullPointerException: Cannot invoke "io.appium.java_client.service.local.AppiumDriverLocalService.stop()" because "this.service" is null
at banjara1.Simple$simple.last(Simple.java:12)
... Removed 24 stack frames]]>
    </failure>
  </testcase> <!-- @AfterTest last -->
  <testcase classname="banjara1.Ride02" name="task1" time="44.377"/>
  <testcase classname="banjara1.Ride02" name="task2" time="13.3"/>
  <testcase classname="banjara1.Ride02" name="task3" time="5.722"/>
  <testcase classname="banjara1.Ride02" name="task1" time="0.002">
    <failure type="java.lang.NullPointerException" message="Cannot invoke &amp;quot;io.appium.java_client.android.AndroidDriver.findElement(org.openqa.selenium.By)&amp;quot; because &amp;quot;this.driver&amp;quot; is null">
      <![CDATA[java.lang.NullPointerException: Cannot invoke "io.appium.java_client.android.AndroidDriver.findElement(org.openqa.selenium.By)" because "this.driver" is null
at banjara1.Ride02.task1(Ride02.java:25)
at java.base/java.util.ArrayList.forEach(ArrayList.java:1511)
... Removed 27 stack frames]]>
    </failure>
  </testcase> <!-- task1 -->
  <testcase classname="banjara1.Ride02" name="task2" time="0.002">
    <failure type="java.lang.NullPointerException" message="Cannot invoke &amp;quot;io.appium.java_client.android.AndroidDriver.manage()&amp;quot; because &amp;quot;this.driver&amp;quot; is null">
      <![CDATA[java.lang.NullPointerException: Cannot invoke "io.appium.java_client.android.AndroidDriver.manage()" because "this.driver" is null
at banjara1.Ride02.task2(Ride02.java:63)
at java.base/java.util.ArrayList.forEach(ArrayList.java:1511)
... Removed 27 stack frames]]>
    </failure>
  </testcase> <!-- task2 -->
  <testcase classname="banjara1.Ride02" name="task3" time="0.002">
    <failure type="java.lang.NullPointerException" message="Cannot invoke &amp;quot;io.appium.java_client.android.AndroidDriver.manage()&amp;quot; because &amp;quot;this.driver&amp;quot; is null">
      <![CDATA[java.lang.NullPointerException: Cannot invoke "io.appium.java_client.android.AndroidDriver.manage()" because "this.driver" is null
at banjara1.Ride02.task3(Ride02.java:92)
at java.base/java.util.ArrayList.forEach(ArrayList.java:1511)
... Removed 27 stack frames]]>
    </failure>
  </testcase> <!-- task3 -->
  <testcase classname="banjara1.Ride02" name="@BeforeTest Before" time="0.0">
    <ignored/>
  </testcase> <!-- @BeforeTest Before -->
</testsuite> <!-- Test -->
